<?xml version="1.0" encoding="UTF-8"?>
<testsuite xmlns:xsi="http://www.w3.org/2001/XMLSchema-instance" xsi:noNamespaceSchemaLocation="https://maven.apache.org/surefire/maven-surefire-plugin/xsd/surefire-test-report.xsd" name="com.nowcoder.mavendemo1.AppTest" time="0.029" tests="1" errors="0" skipped="0" failures="0">
  <properties>
    <property name="sun.desktop" value="windows"/>
    <property name="awt.toolkit" value="sun.awt.windows.WToolkit"/>
    <property name="file.encoding.pkg" value="sun.io"/>
    <property name="java.specification.version" value="1.8"/>
    <property name="sun.cpu.isalist" value="amd64"/>
    <property name="sun.jnu.encoding" value="GBK"/>
    <property name="java.class.path" value="D:\javajdk\intellij\work\mavendemo1\target\test-classes;D:\javajdk\intellij\work\mavendemo1\target\classes;C:\Users\TU\.m2\repository\junit\junit\4.11\junit-4.11.jar;C:\Users\TU\.m2\repository\org\hamcrest\hamcrest-core\1.3\hamcrest-core-1.3.jar;"/>
    <property name="java.vm.vendor" value="Oracle Corporation"/>
    <property name="sun.arch.data.model" value="64"/>
    <property name="user.variant" value=""/>
    <property name="java.vendor.url" value="http://java.oracle.com/"/>
    <property name="user.timezone" value="Asia/Shanghai"/>
    <property name="java.vm.specification.version" value="1.8"/>
    <property name="os.name" value="Windows 10"/>
    <property name="user.country" value="CN"/>
    <property name="sun.java.launcher" value="SUN_STANDARD"/>
    <property name="sun.boot.library.path" value="D:\javajdk\jdk\jre\bin"/>
    <property name="sun.java.command" value="C:\Users\TU\AppData\Local\Temp\surefire7183004298553267876\surefirebooter8105274977182857033.jar C:\Users\TU\AppData\Local\Temp\surefire7183004298553267876 2023-02-04T19-12-41_204-jvmRun1 surefire780888274254624517tmp surefire_08681523582074138683tmp"/>
    <property name="surefire.test.class.path" value="D:\javajdk\intellij\work\mavendemo1\target\test-classes;D:\javajdk\intellij\work\mavendemo1\target\classes;C:\Users\TU\.m2\repository\junit\junit\4.11\junit-4.11.jar;C:\Users\TU\.m2\repository\org\hamcrest\hamcrest-core\1.3\hamcrest-core-1.3.jar;"/>
    <property name="sun.cpu.endian" value="little"/>
    <property name="user.home" value="C:\Users\TU"/>
    <property name="user.language" value="zh"/>
    <property name="java.specification.vendor" value="Oracle Corporation"/>
    <property name="java.home" value="D:\javajdk\jdk\jre"/>
    <property name="basedir" value="D:\javajdk\intellij\work\mavendemo1"/>
    <property name="file.separator" value="\"/>
    <property name="line.separator" value="&#10;"/>
    <property name="java.vm.specification.vendor" value="Oracle Corporation"/>
    <property name="java.specification.name" value="Java Platform API Specification"/>
    <property name="java.awt.graphicsenv" value="sun.awt.Win32GraphicsEnvironment"/>
    <property name="surefire.real.class.path" value="C:\Users\TU\AppData\Local\Temp\surefire7183004298553267876\surefirebooter8105274977182857033.jar"/>
    <property name="sun.boot.class.path" value="D:\javajdk\jdk\jre\lib\resources.jar;D:\javajdk\jdk\jre\lib\rt.jar;D:\javajdk\jdk\jre\lib\jsse.jar;D:\javajdk\jdk\jre\lib\jce.jar;D:\javajdk\jdk\jre\lib\charsets.jar;D:\javajdk\jdk\jre\lib\jfr.jar;D:\javajdk\jdk\jre\classes"/>
    <property name="user.script" value=""/>
    <property name="sun.management.compiler" value="HotSpot 64-Bit Tiered Compilers"/>
    <property name="java.runtime.version" value="1.8.0_351-b10"/>
    <property name="user.name" value="TU"/>
    <property name="path.separator" value=";"/>
    <property name="os.version" value="10.0"/>
    <property name="java.endorsed.dirs" value="D:\javajdk\jdk\jre\lib\endorsed"/>
    <property name="java.runtime.name" value="Java(TM) SE Runtime Environment"/>
    <property name="file.encoding" value="GBK"/>
    <property name="java.vm.name" value="Java HotSpot(TM) 64-Bit Server VM"/>
    <property name="localRepository" value="C:\Users\TU\.m2\repository"/>
    <property name="java.vendor.url.bug" value="http://bugreport.sun.com/bugreport/"/>
    <property name="java.io.tmpdir" value="C:\Users\TU\AppData\Local\Temp\"/>
    <property name="java.version" value="1.8.0_351"/>
    <property name="user.dir" value="D:\javajdk\intellij\work\mavendemo1"/>
    <property name="os.arch" value="amd64"/>
    <property name="java.vm.specification.name" value="Java Virtual Machine Specification"/>
    <property name="java.awt.printerjob" value="sun.awt.windows.WPrinterJob"/>
    <property name="sun.os.patch.level" value=""/>
    <property name="java.library.path" value="D:\javajdk\jdk\jre\bin;C:\WINDOWS\Sun\Java\bin;C:\WINDOWS\system32;C:\WINDOWS;D:\panaconda;D:\panaconda\Library\mingw-w64\bin;D:\panaconda\Library\usr\bin;D:\panaconda\Library\bin;D:\panaconda\Scripts;D:\py;D:\py\Library\mingw-w64\bin;D:\py\Library\usr\bin;D:\py\Library\bin;D:\py\Scripts;C:\WINDOWS\system32;C:\WINDOWS;C:\WINDOWS\System32\Wbem;C:\WINDOWS\System32\WindowsPowerShell\v1.0\;C:\WINDOWS\System32\OpenSSH\;C:\Program Files (x86)\Microsoft SQL Server\110\Tools\Binn\;C:\Program Files\Microsoft SQL Server\110\Tools\Binn\;C:\Program Files\Microsoft SQL Server\110\DTS\Binn\;C:\Program Files (x86)\Microsoft SQL Server\110\Tools\Binn\ManagementStudio\;C:\Program Files (x86)\Microsoft Visual Studio 10.0\Common7\IDE\PrivateAssemblies\;C:\Program Files (x86)\Microsoft SQL Server\110\DTS\Binn\;C:\Program Files\dotnet\;C:\Program Files (x86)\Google\Chrome\Application;D:\panaconda\Scripts;C:\Program Files (x86)\Microsoft\Edge\Application;D:\javajdk\jdk\bin;D:\javajdk\jdk\jre\bin;D:\javajdk\intellij\work\apache-maven-3.8.7-bin\apache-maven-3.8.7\bin;C:\Users\TU\AppData\Local\Microsoft\WindowsApps;C:\Users\TU\.dotnet\tools;;D:\pycharm\PyCharm Community Edition 2021.3.2\bin;;D:\Soft\vscode\Microsoft VS Code\bin;D:\interllijidea\IntelliJ IDEA Community Edition 2022.3\bin;;."/>
    <property name="java.vm.info" value="mixed mode"/>
    <property name="java.vendor" value="Oracle Corporation"/>
    <property name="java.vm.version" value="25.351-b10"/>
    <property name="java.specification.maintenance.version" value="4"/>
    <property name="java.ext.dirs" value="D:\javajdk\jdk\jre\lib\ext;C:\WINDOWS\Sun\Java\lib\ext"/>
    <property name="sun.io.unicode.encoding" value="UnicodeLittle"/>
    <property name="java.class.version" value="52.0"/>
  </properties>
  <testcase name="shouldAnswerWithTrue" classname="com.nowcoder.mavendemo1.AppTest" time="0.001"/>
</testsuite>